<?xml version="1.0" encoding="UTF-8"?>
<!-- Generated by org.testng.reporters.JUnitXMLReporter -->
<testsuite ignored="0" hostname="DESKTOP-MMML6LS" failures="0" tests="3" name="Test" time="12.146" errors="0" timestamp="2024-04-16T14:48:58 IST">
  <testcase classname="TestsGuru.TestGuru" name="Delete_Customer" time="4.231"/>
  <testcase classname="TestsGuru.TestGuru" name="Edit_Customer" time="3.097"/>
  <testcase classname="TestsGuru.TestGuru" name="New_Customer" time="1.982"/>
</testsuite> <!-- Test -->
