<?xml version="1.0" encoding="UTF-8"?>
<testng-results ignored="0" total="3" passed="3" failed="0" skipped="0">
  <reporter-output>
  </reporter-output>
  <suite started-at="2024-04-16T14:48:46 IST" name="Suite" finished-at="2024-04-16T14:48:58 IST" duration-ms="12146">
    <groups>
    </groups>
    <test started-at="2024-04-16T14:48:46 IST" name="Test" finished-at="2024-04-16T14:48:58 IST" duration-ms="12146">
      <class name="TestsGuru.TestGuru">
        <test-method is-config="true" signature="OpeApp()[pri:0, instance:TestsGuru.TestGuru@2f7298b]" started-at="2024-04-16T14:47:58 IST" name="OpeApp" finished-at="2024-04-16T14:48:46 IST" duration-ms="47717" status="PASS">
          <reporter-output>
          </reporter-output>
        </test-method> <!-- OpeApp -->
        <test-method is-config="true" signature="LoginPageGuru()[pri:0, instance:TestsGuru.TestGuru@2f7298b]" started-at="2024-04-16T14:48:46 IST" name="LoginPageGuru" finished-at="2024-04-16T14:48:48 IST" duration-ms="1975" status="PASS">
          <reporter-output>
          </reporter-output>
        </test-method> <!-- LoginPageGuru -->
        <test-method signature="Delete_Customer()[pri:0, instance:TestsGuru.TestGuru@2f7298b]" started-at="2024-04-16T14:48:48 IST" name="Delete_Customer" finished-at="2024-04-16T14:48:52 IST" duration-ms="4231" status="PASS">
          <reporter-output>
          </reporter-output>
        </test-method> <!-- Delete_Customer -->
        <test-method signature="Edit_Customer()[pri:0, instance:TestsGuru.TestGuru@2f7298b]" started-at="2024-04-16T14:48:52 IST" name="Edit_Customer" finished-at="2024-04-16T14:48:55 IST" duration-ms="3097" status="PASS">
          <reporter-output>
          </reporter-output>
        </test-method> <!-- Edit_Customer -->
        <test-method signature="New_Customer()[pri:0, instance:TestsGuru.TestGuru@2f7298b]" started-at="2024-04-16T14:48:55 IST" name="New_Customer" finished-at="2024-04-16T14:48:57 IST" duration-ms="1982" status="PASS">
          <reporter-output>
          </reporter-output>
        </test-method> <!-- New_Customer -->
        <test-method is-config="true" signature="Teardown()[pri:0, instance:TestsGuru.TestGuru@2f7298b]" started-at="2024-04-16T14:48:57 IST" name="Teardown" finished-at="2024-04-16T14:48:58 IST" duration-ms="772" status="PASS">
          <reporter-output>
          </reporter-output>
        </test-method> <!-- Teardown -->
      </class> <!-- TestsGuru.TestGuru -->
    </test> <!-- Test -->
  </suite> <!-- Suite -->
</testng-results>
