<?xml version="1.0" encoding="UTF-8"?>
<testng-results ignored="0" total="3" passed="3" failed="0" skipped="0">
  <reporter-output>
  </reporter-output>
  <suite started-at="2024-04-03T16:41:01 IST" name="Suite" finished-at="2024-04-03T16:41:11 IST" duration-ms="10536">
    <groups>
    </groups>
    <test started-at="2024-04-03T16:41:01 IST" name="Test" finished-at="2024-04-03T16:41:11 IST" duration-ms="10536">
      <class name="TestsGuru.TestGuru">
        <test-method is-config="true" signature="OpeApp()[pri:0, instance:TestsGuru.TestGuru@2f7298b]" started-at="2024-04-03T16:40:51 IST" name="OpeApp" finished-at="2024-04-03T16:41:01 IST" duration-ms="9986" status="PASS">
          <reporter-output>
          </reporter-output>
        </test-method> <!-- OpeApp -->
        <test-method is-config="true" signature="LoginPageGuru()[pri:0, instance:TestsGuru.TestGuru@2f7298b]" started-at="2024-04-03T16:41:01 IST" name="LoginPageGuru" finished-at="2024-04-03T16:41:03 IST" duration-ms="2027" status="PASS">
          <reporter-output>
          </reporter-output>
        </test-method> <!-- LoginPageGuru -->
        <test-method signature="Delete_Customer()[pri:0, instance:TestsGuru.TestGuru@2f7298b]" started-at="2024-04-03T16:41:03 IST" name="Delete_Customer" finished-at="2024-04-03T16:41:05 IST" duration-ms="2398" status="PASS">
          <reporter-output>
          </reporter-output>
        </test-method> <!-- Delete_Customer -->
        <test-method signature="Edit_Customer()[pri:0, instance:TestsGuru.TestGuru@2f7298b]" started-at="2024-04-03T16:41:05 IST" name="Edit_Customer" finished-at="2024-04-03T16:41:08 IST" duration-ms="3268" status="PASS">
          <reporter-output>
          </reporter-output>
        </test-method> <!-- Edit_Customer -->
        <test-method signature="New_Customer()[pri:0, instance:TestsGuru.TestGuru@2f7298b]" started-at="2024-04-03T16:41:08 IST" name="New_Customer" finished-at="2024-04-03T16:41:11 IST" duration-ms="2432" status="PASS">
          <reporter-output>
          </reporter-output>
        </test-method> <!-- New_Customer -->
        <test-method is-config="true" signature="Teardown()[pri:0, instance:TestsGuru.TestGuru@2f7298b]" started-at="2024-04-03T16:41:11 IST" name="Teardown" finished-at="2024-04-03T16:41:11 IST" duration-ms="345" status="PASS">
          <reporter-output>
          </reporter-output>
        </test-method> <!-- Teardown -->
      </class> <!-- TestsGuru.TestGuru -->
    </test> <!-- Test -->
  </suite> <!-- Suite -->
</testng-results>
