<?xml version="1.0" encoding="UTF-8"?>
<testng-results ignored="0" total="3" passed="3" failed="0" skipped="0">
  <reporter-output>
  </reporter-output>
  <suite started-at="2024-03-11T22:57:02 IST" name="Default suite" finished-at="2024-03-11T22:57:13 IST" duration-ms="10708">
    <groups>
    </groups>
    <test started-at="2024-03-11T22:57:02 IST" name="Default test" finished-at="2024-03-11T22:57:13 IST" duration-ms="10708">
      <class name="TestsGuru.TestGuru">
        <test-method is-config="true" signature="OpeApp()[pri:0, instance:TestsGuru.TestGuru@7c7b252e]" started-at="2024-03-11T22:56:49 IST" name="OpeApp" finished-at="2024-03-11T22:57:02 IST" duration-ms="13214" status="PASS">
          <reporter-output>
          </reporter-output>
        </test-method> <!-- OpeApp -->
        <test-method is-config="true" signature="LoginPageGuru()[pri:0, instance:TestsGuru.TestGuru@7c7b252e]" started-at="2024-03-11T22:57:02 IST" name="LoginPageGuru" finished-at="2024-03-11T22:57:04 IST" duration-ms="2293" status="PASS">
          <reporter-output>
          </reporter-output>
        </test-method> <!-- LoginPageGuru -->
        <test-method signature="Delete_Customer()[pri:0, instance:TestsGuru.TestGuru@7c7b252e]" started-at="2024-03-11T22:57:04 IST" name="Delete_Customer" finished-at="2024-03-11T22:57:06 IST" duration-ms="2144" status="PASS">
          <reporter-output>
          </reporter-output>
        </test-method> <!-- Delete_Customer -->
        <test-method signature="Edit_Customer()[pri:0, instance:TestsGuru.TestGuru@7c7b252e]" started-at="2024-03-11T22:57:06 IST" name="Edit_Customer" finished-at="2024-03-11T22:57:10 IST" duration-ms="3365" status="PASS">
          <reporter-output>
          </reporter-output>
        </test-method> <!-- Edit_Customer -->
        <test-method signature="New_Customer()[pri:0, instance:TestsGuru.TestGuru@7c7b252e]" started-at="2024-03-11T22:57:10 IST" name="New_Customer" finished-at="2024-03-11T22:57:12 IST" duration-ms="2217" status="PASS">
          <reporter-output>
          </reporter-output>
        </test-method> <!-- New_Customer -->
        <test-method is-config="true" signature="Teardown()[pri:0, instance:TestsGuru.TestGuru@7c7b252e]" started-at="2024-03-11T22:57:12 IST" name="Teardown" finished-at="2024-03-11T22:57:13 IST" duration-ms="596" status="PASS">
          <reporter-output>
          </reporter-output>
        </test-method> <!-- Teardown -->
      </class> <!-- TestsGuru.TestGuru -->
    </test> <!-- Default test -->
  </suite> <!-- Default suite -->
</testng-results>
